android/app/build/intermediates/manifest_merge_blame_file/debug/manifest-merger-blame-debug-report.txt
1<?xml version="1.0" encoding="utf-8"?>
2<manifest xmlns:android="http://schemas.android.com/apk/res/android"
3    package="com.speachtotext"
4    android:versionCode="1"
5    android:versionName="1.0" >
6
7    <uses-sdk
8        android:minSdkVersion="21"
9        android:targetSdkVersion="33" />
10
11    <uses-permission android:name="android.permission.SYSTEM_ALERT_WINDOW" />
11-->src\debug\AndroidManifest.xml:5:5-77
11-->src\debug\AndroidManifest.xml:5:22-75
12    <uses-permission android:name="android.permission.INTERNET" />
12-->src\main\AndroidManifest.xml:3:5-67
12-->src\main\AndroidManifest.xml:3:22-64
13    <uses-permission android:name="android.permission.RECORD_AUDIO" />
13-->src\main\AndroidManifest.xml:4:5-70
13-->src\main\AndroidManifest.xml:4:22-68
14
15    <queries>
15-->src\main\AndroidManifest.xml:5:5-9:15
16        <intent>
16-->src\main\AndroidManifest.xml:6:7-8:16
17            <action android:name="android.speech.RecognitionService" />
17-->src\main\AndroidManifest.xml:7:9-67
17-->src\main\AndroidManifest.xml:7:17-65
18        </intent>
19    </queries>
20
21    <uses-permission android:name="android.permission.ACCESS_WIFI_STATE" />
21-->[com.facebook.flipper:flipper:0.182.0] AndroidManifest.xml:16:5-76
21-->[com.facebook.flipper:flipper:0.182.0] AndroidManifest.xml:16:22-73
22
23    <application
23-->src\main\AndroidManifest.xml:11:5-31:19
24        android:name="com.speachtotext.MainApplication"
24-->src\main\AndroidManifest.xml:12:7-38
25        android:allowBackup="false"
25-->src\main\AndroidManifest.xml:17:7-34
26        android:appComponentFactory="androidx.core.app.CoreComponentFactory"
26-->[androidx.core:core:1.7.0] AndroidManifest.xml:24:18-86
27        android:debuggable="true"
28        android:icon="@mipmap/ic_launcher"
28-->src\main\AndroidManifest.xml:15:7-41
29        android:label="@string/app_name"
29-->src\main\AndroidManifest.xml:14:7-39
30        android:roundIcon="@mipmap/ic_launcher_round"
30-->src\main\AndroidManifest.xml:16:7-52
31        android:theme="@style/AppTheme"
31-->src\main\AndroidManifest.xml:18:7-38
32        android:usesCleartextTraffic="true" >
32-->src\main\AndroidManifest.xml:13:7-42
33        <activity
33-->src\debug\AndroidManifest.xml:11:9-111
34            android:name="com.facebook.react.devsupport.DevSettingsActivity"
34-->src\debug\AndroidManifest.xml:11:19-83
35            android:exported="false" />
35-->src\debug\AndroidManifest.xml:11:84-108
36        <activity
36-->src\main\AndroidManifest.xml:19:7-30:18
37            android:name="com.speachtotext.MainActivity"
37-->src\main\AndroidManifest.xml:20:9-37
38            android:configChanges="keyboard|keyboardHidden|orientation|screenLayout|screenSize|smallestScreenSize|uiMode"
38-->src\main\AndroidManifest.xml:22:9-118
39            android:exported="true"
39-->src\main\AndroidManifest.xml:25:9-32
40            android:label="@string/app_name"
40-->src\main\AndroidManifest.xml:21:9-41
41            android:launchMode="singleTask"
41-->src\main\AndroidManifest.xml:23:9-40
42            android:windowSoftInputMode="adjustResize" >
42-->src\main\AndroidManifest.xml:24:9-51
43            <intent-filter>
43-->src\main\AndroidManifest.xml:26:9-29:25
44                <action android:name="android.intent.action.MAIN" />
44-->src\main\AndroidManifest.xml:27:13-65
44-->src\main\AndroidManifest.xml:27:21-62
45
46                <category android:name="android.intent.category.LAUNCHER" />
46-->src\main\AndroidManifest.xml:28:13-73
46-->src\main\AndroidManifest.xml:28:23-70
47            </intent-filter>
48        </activity>
49
50        <meta-data
50-->[com.github.bumptech.glide:okhttp3-integration:4.12.0] AndroidManifest.xml:11:9-13:43
51            android:name="com.bumptech.glide.integration.okhttp3.OkHttpGlideModule"
51-->[com.github.bumptech.glide:okhttp3-integration:4.12.0] AndroidManifest.xml:12:13-84
52            android:value="GlideModule" />
52-->[com.github.bumptech.glide:okhttp3-integration:4.12.0] AndroidManifest.xml:13:13-40
53        <meta-data
53-->[com.facebook.soloader:soloader:0.10.5] AndroidManifest.xml:12:9-14:37
54            android:name="com.facebook.soloader.enabled"
54-->[com.facebook.soloader:soloader:0.10.5] AndroidManifest.xml:13:13-57
55            android:value="false" />
55-->[com.facebook.soloader:soloader:0.10.5] AndroidManifest.xml:14:13-34
56
57        <provider
57-->[androidx.emoji2:emoji2:1.0.0] AndroidManifest.xml:26:9-34:20
58            android:name="androidx.startup.InitializationProvider"
58-->[androidx.emoji2:emoji2:1.0.0] AndroidManifest.xml:27:13-67
59            android:authorities="com.speachtotext.androidx-startup"
59-->[androidx.emoji2:emoji2:1.0.0] AndroidManifest.xml:28:13-68
60            android:exported="false" >
60-->[androidx.emoji2:emoji2:1.0.0] AndroidManifest.xml:29:13-37
61            <meta-data
61-->[androidx.emoji2:emoji2:1.0.0] AndroidManifest.xml:31:13-33:52
62                android:name="androidx.emoji2.text.EmojiCompatInitializer"
62-->[androidx.emoji2:emoji2:1.0.0] AndroidManifest.xml:32:17-75
63                android:value="androidx.startup" />
63-->[androidx.emoji2:emoji2:1.0.0] AndroidManifest.xml:33:17-49
64            <meta-data
64-->[androidx.lifecycle:lifecycle-process:2.4.0] AndroidManifest.xml:31:13-33:52
65                android:name="androidx.lifecycle.ProcessLifecycleInitializer"
65-->[androidx.lifecycle:lifecycle-process:2.4.0] AndroidManifest.xml:32:17-78
66                android:value="androidx.startup" />
66-->[androidx.lifecycle:lifecycle-process:2.4.0] AndroidManifest.xml:33:17-49
67        </provider>
68    </application>
69
70</manifest>